 command line:
   ./FA1_isim_beh.exe
     -intstyle  ise
     -ipchost  localhost
     -ipcport  49200

Mon Jun 15 18:28:13 2015

Total Line Count = 570

 Elaboration time 0 sec.

 Estimate current memory usage 52.2486 Meg. 

 Total signals 4
 Total nets 4
 Total signal drivers 2
 Total blocks 4
 Total primitive blocks 1
 Total processes 2
ntrace select -o on -n /FA1/a 
ntrace select -o on -n /FA1/b 
ntrace select -o on -n /FA1/c1 
ntrace select -o on -n /FA1/s 
ntrace start 
run 1000 ns 
Simulator is doing circuit initialization process.
Finished circuit initialization process.
run all 
restart
run all 
Simulator is doing circuit initialization process.
Finished circuit initialization process.
step 
run 1000 ns 
run 1000 ns 
